# JRE version: Java(TM) SE Runtime Environment (8.0_102-b14) (build 1.8.0_102-b14)
# Java VM: Java HotSpot(TM) 64-Bit Server VM (25.102-b14 mixed mode windows-amd64 compressed oops)
Heap:
 PSYoungGen      total 283136K, used 143712K [0x000000076ab00000, 0x000000077f700000, 0x00000007c0000000)
  eden space 252416K, 44% used [0x000000076ab00000,0x000000077195efb8,0x000000077a180000)
  from space 30720K, 99% used [0x000000077c800000,0x000000077e5f9098,0x000000077e600000)
  to   space 39424K, 0% used [0x000000077a180000,0x000000077a180000,0x000000077c800000)
 ParOldGen       total 87552K, used 55579K [0x00000006c0000000, 0x00000006c5580000, 0x000000076ab00000)
  object space 87552K, 63% used [0x00000006c0000000,0x00000006c3646ef8,0x00000006c5580000)
 Metaspace       used 6852K, capacity 7512K, committed 7680K, reserved 1056768K
  class space    used 642K, capacity 656K, committed 768K, reserved 1048576K
GC Heap History (10 events):
Event: 14.314 GC heap before
{Heap before GC invocations=4 (full 0):
 PSYoungGen      total 38400K, used 38382K [0x000000076ab00000, 0x000000076f600000, 0x00000007c0000000)
  eden space 33280K, 100% used [0x000000076ab00000,0x000000076cb80000,0x000000076cb80000)
  from space 5120K, 99% used [0x000000076cb80000,0x000000076d07b9b0,0x000000076d080000)
  to   space 5120K, 0% used [0x000000076f100000,0x000000076f100000,0x000000076f600000)
 ParOldGen       total 87552K, used 11934K [0x00000006c0000000, 0x00000006c5580000, 0x000000076ab00000)
  object space 87552K, 13% used [0x00000006c0000000,0x00000006c0ba7818,0x00000006c5580000)
 Metaspace       used 6255K, capacity 7090K, committed 7296K, reserved 1056768K
  class space    used 602K, capacity 618K, committed 640K, reserved 1048576K
Event: 15.068 GC heap after
Heap after GC invocations=4 (full 0):
 PSYoungGen      total 71680K, used 5119K [0x000000076ab00000, 0x000000076f600000, 0x00000007c0000000)
  eden space 66560K, 0% used [0x000000076ab00000,0x000000076ab00000,0x000000076ec00000)
  from space 5120K, 99% used [0x000000076f100000,0x000000076f5ffee0,0x000000076f600000)
  to   space 5120K, 0% used [0x000000076ec00000,0x000000076ec00000,0x000000076f100000)
 ParOldGen       total 87552K, used 17270K [0x00000006c0000000, 0x00000006c5580000, 0x000000076ab00000)
  object space 87552K, 19% used [0x00000006c0000000,0x00000006c10ddaa0,0x00000006c5580000)
 Metaspace       used 6255K, capacity 7090K, committed 7296K, reserved 1056768K
  class space    used 602K, capacity 618K, committed 640K, reserved 1048576K
}
Event: 18.565 GC heap before
{Heap before GC invocations=5 (full 0):
 PSYoungGen      total 71680K, used 71679K [0x000000076ab00000, 0x000000076f600000, 0x00000007c0000000)
  eden space 66560K, 100% used [0x000000076ab00000,0x000000076ec00000,0x000000076ec00000)
  from space 5120K, 99% used [0x000000076f100000,0x000000076f5ffee0,0x000000076f600000)
  to   space 5120K, 0% used [0x000000076ec00000,0x000000076ec00000,0x000000076f100000)
 ParOldGen       total 87552K, used 17270K [0x00000006c0000000, 0x00000006c5580000, 0x000000076ab00000)
  object space 87552K, 19% used [0x00000006c0000000,0x00000006c10ddaa0,0x00000006c5580000)
 Metaspace       used 6287K, capacity 7154K, committed 7296K, reserved 1056768K
  class space    used 602K, capacity 618K, committed 640K, reserved 1048576K
Event: 19.228 GC heap after
Heap after GC invocations=5 (full 0):
 PSYoungGen      total 71680K, used 5112K [0x000000076ab00000, 0x0000000774d00000, 0x00000007c0000000)
  eden space 66560K, 0% used [0x000000076ab00000,0x000000076ab00000,0x000000076ec00000)
  from space 5120K, 99% used [0x000000076ec00000,0x000000076f0fe338,0x000000076f100000)
  to   space 16384K, 0% used [0x0000000773d00000,0x0000000773d00000,0x0000000774d00000)
 ParOldGen       total 87552K, used 27764K [0x00000006c0000000, 0x00000006c5580000, 0x000000076ab00000)
  object space 87552K, 31% used [0x00000006c0000000,0x00000006c1b1d098,0x00000006c5580000)
 Metaspace       used 6287K, capacity 7154K, committed 7296K, reserved 1056768K
  class space    used 602K, capacity 618K, committed 640K, reserved 1048576K
}
Event: 21.316 GC heap before
{Heap before GC invocations=6 (full 0):
 PSYoungGen      total 71680K, used 71672K [0x000000076ab00000, 0x0000000774d00000, 0x00000007c0000000)
  eden space 66560K, 100% used [0x000000076ab00000,0x000000076ec00000,0x000000076ec00000)
  from space 5120K, 99% used [0x000000076ec00000,0x000000076f0fe338,0x000000076f100000)
  to   space 16384K, 0% used [0x0000000773d00000,0x0000000773d00000,0x0000000774d00000)
 ParOldGen       total 87552K, used 27764K [0x00000006c0000000, 0x00000006c5580000, 0x000000076ab00000)
  object space 87552K, 31% used [0x00000006c0000000,0x00000006c1b1d098,0x00000006c5580000)
 Metaspace       used 6331K, capacity 7154K, committed 7296K, reserved 1056768K
  class space    used 603K, capacity 618K, committed 640K, reserved 1048576K
Event: 21.565 GC heap after
Heap after GC invocations=6 (full 0):
 PSYoungGen      total 146944K, used 16368K [0x000000076ab00000, 0x0000000775200000, 0x00000007c0000000)
  eden space 130560K, 0% used [0x000000076ab00000,0x000000076ab00000,0x0000000772a80000)
  from space 16384K, 99% used [0x0000000773d00000,0x0000000774cfc240,0x0000000774d00000)
  to   space 18944K, 0% used [0x0000000772a80000,0x0000000772a80000,0x0000000773d00000)
 ParOldGen       total 87552K, used 28197K [0x00000006c0000000, 0x00000006c5580000, 0x000000076ab00000)
  object space 87552K, 32% used [0x00000006c0000000,0x00000006c1b89738,0x00000006c5580000)
 Metaspace       used 6331K, capacity 7154K, committed 7296K, reserved 1056768K
  class space    used 603K, capacity 618K, committed 640K, reserved 1048576K
}
Event: 23.650 GC heap before
{Heap before GC invocations=7 (full 0):
 PSYoungGen      total 146944K, used 146928K [0x000000076ab00000, 0x0000000775200000, 0x00000007c0000000)
  eden space 130560K, 100% used [0x000000076ab00000,0x0000000772a80000,0x0000000772a80000)
  from space 16384K, 99% used [0x0000000773d00000,0x0000000774cfc240,0x0000000774d00000)
  to   space 18944K, 0% used [0x0000000772a80000,0x0000000772a80000,0x0000000773d00000)
 ParOldGen       total 87552K, used 28197K [0x00000006c0000000, 0x00000006c5580000, 0x000000076ab00000)
  object space 87552K, 32% used [0x00000006c0000000,0x00000006c1b89738,0x00000006c5580000)
 Metaspace       used 6410K, capacity 7154K, committed 7296K, reserved 1056768K
  class space    used 603K, capacity 618K, committed 640K, reserved 1048576K
Event: 23.905 GC heap after
Heap after GC invocations=7 (full 0):
 PSYoungGen      total 149504K, used 18920K [0x000000076ab00000, 0x000000077e600000, 0x00000007c0000000)
  eden space 130560K, 0% used [0x000000076ab00000,0x000000076ab00000,0x0000000772a80000)
  from space 18944K, 99% used [0x0000000772a80000,0x0000000773cfa168,0x0000000773d00000)
  to   space 30720K, 0% used [0x000000077c800000,0x000000077c800000,0x000000077e600000)
 ParOldGen       total 87552K, used 46631K [0x00000006c0000000, 0x00000006c5580000, 0x000000076ab00000)
  object space 87552K, 53% used [0x00000006c0000000,0x00000006c2d89eb0,0x00000006c5580000)
 Metaspace       used 6410K, capacity 7154K, committed 7296K, reserved 1056768K
  class space    used 603K, capacity 618K, committed 640K, reserved 1048576K
}
Event: 25.260 GC heap before
{Heap before GC invocations=8 (full 0):
 PSYoungGen      total 149504K, used 149480K [0x000000076ab00000, 0x000000077e600000, 0x00000007c0000000)
  eden space 130560K, 100% used [0x000000076ab00000,0x0000000772a80000,0x0000000772a80000)
  from space 18944K, 99% used [0x0000000772a80000,0x0000000773cfa168,0x0000000773d00000)
  to   space 30720K, 0% used [0x000000077c800000,0x000000077c800000,0x000000077e600000)
 ParOldGen       total 87552K, used 46631K [0x00000006c0000000, 0x00000006c5580000, 0x000000076ab00000)
  object space 87552K, 53% used [0x00000006c0000000,0x00000006c2d89eb0,0x00000006c5580000)
 Metaspace       used 6537K, capacity 7256K, committed 7424K, reserved 1056768K
  class space    used 623K, capacity 656K, committed 768K, reserved 1048576K
Event: 25.465 GC heap after
Heap after GC invocations=8 (full 0):
 PSYoungGen      total 283136K, used 30692K [0x000000076ab00000, 0x000000077f700000, 0x00000007c0000000)
  eden space 252416K, 0% used [0x000000076ab00000,0x000000076ab00000,0x000000077a180000)
  from space 30720K, 99% used [0x000000077c800000,0x000000077e5f9098,0x000000077e600000)
  to   space 39424K, 0% used [0x000000077a180000,0x000000077a180000,0x000000077c800000)
 ParOldGen       total 87552K, used 55579K [0x00000006c0000000, 0x00000006c5580000, 0x000000076ab00000)
  object space 87552K, 63% used [0x00000006c0000000,0x00000006c3646ef8,0x00000006c5580000)
 Metaspace       used 6537K, capacity 7256K, committed 7424K, reserved 1056768K
  class space    used 623K, capacity 656K, committed 768K, reserved 1048576K
}

