# JRE version: Java(TM) SE Runtime Environment (8.0_102-b14) (build 1.8.0_102-b14)
# Java VM: Java HotSpot(TM) 64-Bit Server VM (25.102-b14 mixed mode windows-amd64 compressed oops)
Heap:
 PSYoungGen      total 385024K, used 212778K [0x000000076ab00000, 0x0000000795d00000, 0x00000007c0000000)
  eden space 267776K, 79% used [0x000000076ab00000,0x0000000777acabb0,0x000000077b080000)
  from space 117248K, 0% used [0x0000000785c00000,0x0000000785c00000,0x000000078ce80000)
  to   space 175616K, 0% used [0x000000077b080000,0x000000077b080000,0x0000000785c00000)
 ParOldGen       total 288256K, used 141527K [0x00000006c0000000, 0x00000006d1980000, 0x000000076ab00000)
  object space 288256K, 49% used [0x00000006c0000000,0x00000006c8a35ec0,0x00000006d1980000)
 Metaspace       used 6491K, capacity 7256K, committed 7424K, reserved 1056768K
  class space    used 623K, capacity 656K, committed 768K, reserved 1048576K
GC Heap History (10 events):
Event: 13.484 GC heap before
{Heap before GC invocations=6 (full 1):
 PSYoungGen      total 138240K, used 5103K [0x000000076ab00000, 0x0000000783500000, 0x00000007c0000000)
  eden space 133120K, 0% used [0x000000076ab00000,0x000000076ab00000,0x0000000772d00000)
  from space 5120K, 99% used [0x0000000772d00000,0x00000007731fbcd0,0x0000000773200000)
  to   space 68608K, 0% used [0x000000077f200000,0x000000077f200000,0x0000000783500000)
 ParOldGen       total 103936K, used 102764K [0x00000006c0000000, 0x00000006c6580000, 0x000000076ab00000)
  object space 103936K, 98% used [0x00000006c0000000,0x00000006c645b348,0x00000006c6580000)
 Metaspace       used 6397K, capacity 7128K, committed 7424K, reserved 1056768K
  class space    used 622K, capacity 656K, committed 768K, reserved 1048576K
Event: 15.035 GC heap after
Heap after GC invocations=6 (full 1):
 PSYoungGen      total 138240K, used 0K [0x000000076ab00000, 0x0000000783500000, 0x00000007c0000000)
  eden space 133120K, 0% used [0x000000076ab00000,0x000000076ab00000,0x0000000772d00000)
  from space 5120K, 0% used [0x0000000772d00000,0x0000000772d00000,0x0000000773200000)
  to   space 68608K, 0% used [0x000000077f200000,0x000000077f200000,0x0000000783500000)
 ParOldGen       total 206336K, used 95711K [0x00000006c0000000, 0x00000006cc980000, 0x000000076ab00000)
  object space 206336K, 46% used [0x00000006c0000000,0x00000006c5d77d08,0x00000006cc980000)
 Metaspace       used 6397K, capacity 7128K, committed 7424K, reserved 1056768K
  class space    used 622K, capacity 656K, committed 768K, reserved 1048576K
}
Event: 15.634 GC heap before
{Heap before GC invocations=7 (full 1):
 PSYoungGen      total 138240K, used 133120K [0x000000076ab00000, 0x0000000783500000, 0x00000007c0000000)
  eden space 133120K, 100% used [0x000000076ab00000,0x0000000772d00000,0x0000000772d00000)
  from space 5120K, 0% used [0x0000000772d00000,0x0000000772d00000,0x0000000773200000)
  to   space 68608K, 0% used [0x000000077f200000,0x000000077f200000,0x0000000783500000)
 ParOldGen       total 206336K, used 95711K [0x00000006c0000000, 0x00000006cc980000, 0x000000076ab00000)
  object space 206336K, 46% used [0x00000006c0000000,0x00000006c5d77d08,0x00000006cc980000)
 Metaspace       used 6401K, capacity 7128K, committed 7424K, reserved 1056768K
  class space    used 622K, capacity 656K, committed 768K, reserved 1048576K
Event: 15.872 GC heap after
Heap after GC invocations=7 (full 1):
 PSYoungGen      total 275456K, used 68605K [0x000000076ab00000, 0x0000000783500000, 0x00000007c0000000)
  eden space 206848K, 0% used [0x000000076ab00000,0x000000076ab00000,0x0000000777500000)
  from space 68608K, 99% used [0x000000077f200000,0x00000007834ff730,0x0000000783500000)
  to   space 88576K, 0% used [0x0000000778800000,0x0000000778800000,0x000000077de80000)
 ParOldGen       total 206336K, used 100023K [0x00000006c0000000, 0x00000006cc980000, 0x000000076ab00000)
  object space 206336K, 48% used [0x00000006c0000000,0x00000006c61add08,0x00000006cc980000)
 Metaspace       used 6401K, capacity 7128K, committed 7424K, reserved 1056768K
  class space    used 622K, capacity 656K, committed 768K, reserved 1048576K
}
Event: 23.541 GC heap before
{Heap before GC invocations=8 (full 1):
 PSYoungGen      total 275456K, used 275453K [0x000000076ab00000, 0x0000000783500000, 0x00000007c0000000)
  eden space 206848K, 100% used [0x000000076ab00000,0x0000000777500000,0x0000000777500000)
  from space 68608K, 99% used [0x000000077f200000,0x00000007834ff730,0x0000000783500000)
  to   space 88576K, 0% used [0x0000000778800000,0x0000000778800000,0x000000077de80000)
 ParOldGen       total 206336K, used 116983K [0x00000006c0000000, 0x00000006cc980000, 0x000000076ab00000)
  object space 206336K, 56% used [0x00000006c0000000,0x00000006c723df18,0x00000006cc980000)
 Metaspace       used 6447K, capacity 7192K, committed 7424K, reserved 1056768K
  class space    used 623K, capacity 656K, committed 768K, reserved 1048576K
Event: 25.398 GC heap after
Heap after GC invocations=8 (full 1):
 PSYoungGen      total 314880K, used 88554K [0x000000076ab00000, 0x000000078ce80000, 0x00000007c0000000)
  eden space 226304K, 0% used [0x000000076ab00000,0x000000076ab00000,0x0000000778800000)
  from space 88576K, 99% used [0x0000000778800000,0x000000077de7aa60,0x000000077de80000)
  to   space 117248K, 0% used [0x0000000785c00000,0x0000000785c00000,0x000000078ce80000)
 ParOldGen       total 206336K, used 134334K [0x00000006c0000000, 0x00000006cc980000, 0x000000076ab00000)
  object space 206336K, 65% used [0x00000006c0000000,0x00000006c832f958,0x00000006cc980000)
 Metaspace       used 6447K, capacity 7192K, committed 7424K, reserved 1056768K
  class space    used 623K, capacity 656K, committed 768K, reserved 1048576K
}
Event: 34.841 GC heap before
{Heap before GC invocations=9 (full 1):
 PSYoungGen      total 314880K, used 314858K [0x000000076ab00000, 0x000000078ce80000, 0x00000007c0000000)
  eden space 226304K, 100% used [0x000000076ab00000,0x0000000778800000,0x0000000778800000)
  from space 88576K, 99% used [0x0000000778800000,0x000000077de7aa60,0x000000077de80000)
  to   space 117248K, 0% used [0x0000000785c00000,0x0000000785c00000,0x000000078ce80000)
 ParOldGen       total 206336K, used 134348K [0x00000006c0000000, 0x00000006cc980000, 0x000000076ab00000)
  object space 206336K, 65% used [0x00000006c0000000,0x00000006c83333a0,0x00000006cc980000)
 Metaspace       used 6491K, capacity 7256K, committed 7424K, reserved 1056768K
  class space    used 623K, capacity 656K, committed 768K, reserved 1048576K
Event: 36.315 GC heap after
Heap after GC invocations=9 (full 1):
 PSYoungGen      total 385024K, used 117239K [0x000000076ab00000, 0x0000000795d00000, 0x00000007c0000000)
  eden space 267776K, 0% used [0x000000076ab00000,0x000000076ab00000,0x000000077b080000)
  from space 117248K, 99% used [0x0000000785c00000,0x000000078ce7de10,0x000000078ce80000)
  to   space 175616K, 0% used [0x000000077b080000,0x000000077b080000,0x0000000785c00000)
 ParOldGen       total 214016K, used 213109K [0x00000006c0000000, 0x00000006cd100000, 0x000000076ab00000)
  object space 214016K, 99% used [0x00000006c0000000,0x00000006cd01d6d8,0x00000006cd100000)
 Metaspace       used 6491K, capacity 7256K, committed 7424K, reserved 1056768K
  class space    used 623K, capacity 656K, committed 768K, reserved 1048576K
}
Event: 36.315 GC heap before
{Heap before GC invocations=10 (full 2):
 PSYoungGen      total 385024K, used 117239K [0x000000076ab00000, 0x0000000795d00000, 0x00000007c0000000)
  eden space 267776K, 0% used [0x000000076ab00000,0x000000076ab00000,0x000000077b080000)
  from space 117248K, 99% used [0x0000000785c00000,0x000000078ce7de10,0x000000078ce80000)
  to   space 175616K, 0% used [0x000000077b080000,0x000000077b080000,0x0000000785c00000)
 ParOldGen       total 214016K, used 213109K [0x00000006c0000000, 0x00000006cd100000, 0x000000076ab00000)
  object space 214016K, 99% used [0x00000006c0000000,0x00000006cd01d6d8,0x00000006cd100000)
 Metaspace       used 6491K, capacity 7256K, committed 7424K, reserved 1056768K
  class space    used 623K, capacity 656K, committed 768K, reserved 1048576K
Event: 39.859 GC heap after
Heap after GC invocations=10 (full 2):
 PSYoungGen      total 385024K, used 0K [0x000000076ab00000, 0x0000000795d00000, 0x00000007c0000000)
  eden space 267776K, 0% used [0x000000076ab00000,0x000000076ab00000,0x000000077b080000)
  from space 117248K, 0% used [0x0000000785c00000,0x0000000785c00000,0x000000078ce80000)
  to   space 175616K, 0% used [0x000000077b080000,0x000000077b080000,0x0000000785c00000)
 ParOldGen       total 288256K, used 141527K [0x00000006c0000000, 0x00000006d1980000, 0x000000076ab00000)
  object space 288256K, 49% used [0x00000006c0000000,0x00000006c8a35ec0,0x00000006d1980000)
 Metaspace       used 6491K, capacity 7256K, committed 7424K, reserved 1056768K
  class space    used 623K, capacity 656K, committed 768K, reserved 1048576K
}

